<?xml version="1.0" encoding="UTF-8"?>
<!-- Generated by org.testng.reporters.JUnitReportReporter -->
<testsuite hostname="LAPTOP-GAUPM6CM" failures="0" tests="1" name="apr16th.FirefoxLaunch" time="5.957" errors="0" timestamp="2024-04-17T09:43:37 IST" skipped="0">
  <testcase classname="apr16th.FirefoxLaunch" name="launchBrowserTest" time="5.957"/>
</testsuite> <!-- apr16th.FirefoxLaunch -->
